[1120/121631.105:ERROR:directory_reader_win.cc(43)] FindFirstFile: The system cannot find the path specified. (0x3)
[1120/122434.712:ERROR:directory_reader_win.cc(43)] FindFirstFile: The system cannot find the path specified. (0x3)
[1120/122713.765:ERROR:directory_reader_win.cc(43)] FindFirstFile: The system cannot find the path specified. (0x3)
[1120/122852.704:ERROR:directory_reader_win.cc(43)] FindFirstFile: The system cannot find the path specified. (0x3)
[1120/123011.608:ERROR:directory_reader_win.cc(43)] FindFirstFile: The system cannot find the path specified. (0x3)
[1120/123332.346:ERROR:directory_reader_win.cc(43)] FindFirstFile: The system cannot find the path specified. (0x3)
[1120/123838.176:ERROR:directory_reader_win.cc(43)] FindFirstFile: The system cannot find the path specified. (0x3)
[1120/124521.997:ERROR:directory_reader_win.cc(43)] FindFirstFile: The system cannot find the path specified. (0x3)
[1120/125135.992:ERROR:directory_reader_win.cc(43)] FindFirstFile: The system cannot find the path specified. (0x3)
[1120/125329.317:ERROR:directory_reader_win.cc(43)] FindFirstFile: The system cannot find the path specified. (0x3)
[1120/125641.813:ERROR:directory_reader_win.cc(43)] FindFirstFile: The system cannot find the path specified. (0x3)
[1120/130040.190:ERROR:directory_reader_win.cc(43)] FindFirstFile: The system cannot find the path specified. (0x3)
[1120/130303.543:ERROR:directory_reader_win.cc(43)] FindFirstFile: The system cannot find the path specified. (0x3)
[1120/130545.908:ERROR:directory_reader_win.cc(43)] FindFirstFile: The system cannot find the path specified. (0x3)
[1120/131010.686:ERROR:directory_reader_win.cc(43)] FindFirstFile: The system cannot find the path specified. (0x3)
[1120/131432.981:ERROR:directory_reader_win.cc(43)] FindFirstFile: The system cannot find the path specified. (0x3)
[1120/131829.399:ERROR:directory_reader_win.cc(43)] FindFirstFile: The system cannot find the path specified. (0x3)
[1120/133201.050:ERROR:process_reader_win.cc(123)] NtOpenThread: {Access Denied} A process has requested access to an object, but has not been granted those access rights. (0xc0000022)
[1120/133201.056:ERROR:exception_snapshot_win.cc(99)] thread ID 7204 not found in process
[1120/133201.146:ERROR:process_reader_win.cc(123)] NtOpenThread: {Access Denied} A process has requested access to an object, but has not been granted those access rights. (0xc0000022)
[1120/133201.147:ERROR:exception_snapshot_win.cc(99)] thread ID 8892 not found in process
[1120/133201.304:ERROR:process_reader_win.cc(123)] NtOpenThread: {Access Denied} A process has requested access to an object, but has not been granted those access rights. (0xc0000022)
[1120/133201.304:ERROR:exception_snapshot_win.cc(99)] thread ID 15064 not found in process
[1120/133201.435:ERROR:process_reader_win.cc(123)] NtOpenThread: {Access Denied} A process has requested access to an object, but has not been granted those access rights. (0xc0000022)
[1120/133201.436:ERROR:exception_snapshot_win.cc(99)] thread ID 12876 not found in process
[1120/133201.623:ERROR:process_reader_win.cc(123)] NtOpenThread: {Access Denied} A process has requested access to an object, but has not been granted those access rights. (0xc0000022)
[1120/133201.623:ERROR:exception_snapshot_win.cc(99)] thread ID 19360 not found in process
[1120/133201.869:ERROR:process_reader_win.cc(123)] NtOpenThread: {Access Denied} A process has requested access to an object, but has not been granted those access rights. (0xc0000022)
[1120/133201.869:ERROR:exception_snapshot_win.cc(99)] thread ID 17212 not found in process
[1120/133202.083:ERROR:process_reader_win.cc(123)] NtOpenThread: {Access Denied} A process has requested access to an object, but has not been granted those access rights. (0xc0000022)
[1120/133202.084:ERROR:exception_snapshot_win.cc(99)] thread ID 1020 not found in process
[1120/133202.223:ERROR:process_reader_win.cc(123)] NtOpenThread: {Access Denied} A process has requested access to an object, but has not been granted those access rights. (0xc0000022)
[1120/133202.223:ERROR:exception_snapshot_win.cc(99)] thread ID 8052 not found in process
[1120/133202.411:ERROR:process_reader_win.cc(123)] NtOpenThread: {Access Denied} A process has requested access to an object, but has not been granted those access rights. (0xc0000022)
[1120/133202.411:ERROR:exception_snapshot_win.cc(99)] thread ID 10316 not found in process
[1120/133202.583:ERROR:process_reader_win.cc(123)] NtOpenThread: {Access Denied} A process has requested access to an object, but has not been granted those access rights. (0xc0000022)
[1120/133202.584:ERROR:exception_snapshot_win.cc(99)] thread ID 15968 not found in process
[1120/133202.697:ERROR:process_reader_win.cc(123)] NtOpenThread: {Access Denied} A process has requested access to an object, but has not been granted those access rights. (0xc0000022)
[1120/133202.697:ERROR:exception_snapshot_win.cc(99)] thread ID 12824 not found in process
[1120/133202.855:ERROR:process_reader_win.cc(123)] NtOpenThread: {Access Denied} A process has requested access to an object, but has not been granted those access rights. (0xc0000022)
[1120/133202.855:ERROR:exception_snapshot_win.cc(99)] thread ID 1212 not found in process
[1120/133203.101:ERROR:process_reader_win.cc(123)] NtOpenThread: {Access Denied} A process has requested access to an object, but has not been granted those access rights. (0xc0000022)
[1120/133203.102:ERROR:exception_snapshot_win.cc(99)] thread ID 15272 not found in process
[1120/133203.220:ERROR:process_reader_win.cc(123)] NtOpenThread: {Access Denied} A process has requested access to an object, but has not been granted those access rights. (0xc0000022)
[1120/133203.220:ERROR:exception_snapshot_win.cc(99)] thread ID 13928 not found in process
[1120/133203.391:ERROR:process_reader_win.cc(123)] NtOpenThread: {Access Denied} A process has requested access to an object, but has not been granted those access rights. (0xc0000022)
[1120/133203.391:ERROR:exception_snapshot_win.cc(99)] thread ID 5836 not found in process
[1120/133203.511:ERROR:process_reader_win.cc(123)] NtOpenThread: {Access Denied} A process has requested access to an object, but has not been granted those access rights. (0xc0000022)
[1120/133203.511:ERROR:exception_snapshot_win.cc(99)] thread ID 14456 not found in process
[1120/133203.635:ERROR:process_reader_win.cc(123)] NtOpenThread: {Access Denied} A process has requested access to an object, but has not been granted those access rights. (0xc0000022)
[1120/133203.635:ERROR:exception_snapshot_win.cc(99)] thread ID 12056 not found in process
[1120/133203.784:ERROR:process_reader_win.cc(123)] NtOpenThread: {Access Denied} A process has requested access to an object, but has not been granted those access rights. (0xc0000022)
[1120/133203.784:ERROR:exception_snapshot_win.cc(99)] thread ID 17340 not found in process
[1120/133204.030:ERROR:process_reader_win.cc(123)] NtOpenThread: {Access Denied} A process has requested access to an object, but has not been granted those access rights. (0xc0000022)
[1120/133204.031:ERROR:exception_snapshot_win.cc(99)] thread ID 2876 not found in process
[1120/133204.165:ERROR:process_reader_win.cc(123)] NtOpenThread: {Access Denied} A process has requested access to an object, but has not been granted those access rights. (0xc0000022)
[1120/133204.165:ERROR:exception_snapshot_win.cc(99)] thread ID 5924 not found in process
[1120/133204.337:ERROR:process_reader_win.cc(123)] NtOpenThread: {Access Denied} A process has requested access to an object, but has not been granted those access rights. (0xc0000022)
[1120/133204.337:ERROR:exception_snapshot_win.cc(99)] thread ID 12696 not found in process
[1120/133204.480:ERROR:process_reader_win.cc(123)] NtOpenThread: {Access Denied} A process has requested access to an object, but has not been granted those access rights. (0xc0000022)
[1120/133204.480:ERROR:exception_snapshot_win.cc(99)] thread ID 13920 not found in process
[1120/133204.589:ERROR:process_reader_win.cc(123)] NtOpenThread: {Access Denied} A process has requested access to an object, but has not been granted those access rights. (0xc0000022)
[1120/133204.589:ERROR:exception_snapshot_win.cc(99)] thread ID 13264 not found in process
[1120/133204.777:ERROR:process_reader_win.cc(123)] NtOpenThread: {Access Denied} A process has requested access to an object, but has not been granted those access rights. (0xc0000022)
[1120/133204.777:ERROR:exception_snapshot_win.cc(99)] thread ID 16712 not found in process
[1120/133204.995:ERROR:process_reader_win.cc(123)] NtOpenThread: {Access Denied} A process has requested access to an object, but has not been granted those access rights. (0xc0000022)
[1120/133204.996:ERROR:exception_snapshot_win.cc(99)] thread ID 8296 not found in process
[1120/133205.123:ERROR:process_reader_win.cc(123)] NtOpenThread: {Access Denied} A process has requested access to an object, but has not been granted those access rights. (0xc0000022)
[1120/133205.123:ERROR:exception_snapshot_win.cc(99)] thread ID 2384 not found in process
[1120/133205.298:ERROR:process_reader_win.cc(123)] NtOpenThread: {Access Denied} A process has requested access to an object, but has not been granted those access rights. (0xc0000022)
[1120/133205.298:ERROR:exception_snapshot_win.cc(99)] thread ID 7800 not found in process
[1120/133205.489:ERROR:process_reader_win.cc(123)] NtOpenThread: {Access Denied} A process has requested access to an object, but has not been granted those access rights. (0xc0000022)
[1120/133205.489:ERROR:exception_snapshot_win.cc(99)] thread ID 19672 not found in process
[1120/133205.651:ERROR:process_reader_win.cc(123)] NtOpenThread: {Access Denied} A process has requested access to an object, but has not been granted those access rights. (0xc0000022)
[1120/133205.651:ERROR:exception_snapshot_win.cc(99)] thread ID 18812 not found in process
[1120/133205.821:ERROR:process_reader_win.cc(123)] NtOpenThread: {Access Denied} A process has requested access to an object, but has not been granted those access rights. (0xc0000022)
[1120/133205.821:ERROR:exception_snapshot_win.cc(99)] thread ID 13068 not found in process
[1120/133206.115:ERROR:process_reader_win.cc(123)] NtOpenThread: {Access Denied} A process has requested access to an object, but has not been granted those access rights. (0xc0000022)
[1120/133206.115:ERROR:exception_snapshot_win.cc(99)] thread ID 11652 not found in process
[1120/133206.235:ERROR:process_reader_win.cc(123)] NtOpenThread: {Access Denied} A process has requested access to an object, but has not been granted those access rights. (0xc0000022)
[1120/133206.235:ERROR:exception_snapshot_win.cc(99)] thread ID 7164 not found in process
[1120/133206.398:ERROR:process_reader_win.cc(123)] NtOpenThread: {Access Denied} A process has requested access to an object, but has not been granted those access rights. (0xc0000022)
[1120/133206.398:ERROR:exception_snapshot_win.cc(99)] thread ID 6924 not found in process
[1120/133206.557:ERROR:process_reader_win.cc(123)] NtOpenThread: {Access Denied} A process has requested access to an object, but has not been granted those access rights. (0xc0000022)
[1120/133206.557:ERROR:exception_snapshot_win.cc(99)] thread ID 13072 not found in process
[1120/133206.741:ERROR:process_reader_win.cc(123)] NtOpenThread: {Access Denied} A process has requested access to an object, but has not been granted those access rights. (0xc0000022)
[1120/133206.742:ERROR:exception_snapshot_win.cc(99)] thread ID 18116 not found in process
[1120/133206.921:ERROR:process_reader_win.cc(123)] NtOpenThread: {Access Denied} A process has requested access to an object, but has not been granted those access rights. (0xc0000022)
[1120/133206.922:ERROR:exception_snapshot_win.cc(99)] thread ID 8172 not found in process
[1120/133207.113:ERROR:process_reader_win.cc(123)] NtOpenThread: {Access Denied} A process has requested access to an object, but has not been granted those access rights. (0xc0000022)
[1120/133207.114:ERROR:exception_snapshot_win.cc(99)] thread ID 16100 not found in process
[1120/133207.211:ERROR:process_reader_win.cc(123)] NtOpenThread: {Access Denied} A process has requested access to an object, but has not been granted those access rights. (0xc0000022)
[1120/133207.212:ERROR:exception_snapshot_win.cc(99)] thread ID 16204 not found in process
[1120/133207.379:ERROR:process_reader_win.cc(123)] NtOpenThread: {Access Denied} A process has requested access to an object, but has not been granted those access rights. (0xc0000022)
[1120/133207.379:ERROR:exception_snapshot_win.cc(99)] thread ID 12048 not found in process
[1120/133207.539:ERROR:process_reader_win.cc(123)] NtOpenThread: {Access Denied} A process has requested access to an object, but has not been granted those access rights. (0xc0000022)
[1120/133207.539:ERROR:exception_snapshot_win.cc(99)] thread ID 18488 not found in process
[1120/133207.626:ERROR:process_reader_win.cc(123)] NtOpenThread: {Access Denied} A process has requested access to an object, but has not been granted those access rights. (0xc0000022)
[1120/133207.626:ERROR:exception_snapshot_win.cc(99)] thread ID 8784 not found in process
[1120/133207.742:ERROR:process_reader_win.cc(151)] SuspendThread: Access is denied. (0x5)
[1120/133207.742:ERROR:process_reader_win.cc(123)] NtOpenThread: {Access Denied} A process has requested access to an object, but has not been granted those access rights. (0xc0000022)
[1120/133207.742:ERROR:exception_snapshot_win.cc(99)] thread ID 18580 not found in process
[1120/133207.922:ERROR:process_reader_win.cc(123)] NtOpenThread: {Access Denied} A process has requested access to an object, but has not been granted those access rights. (0xc0000022)
[1120/133207.924:ERROR:exception_snapshot_win.cc(99)] thread ID 9456 not found in process
[1120/133208.036:ERROR:process_reader_win.cc(123)] NtOpenThread: {Access Denied} A process has requested access to an object, but has not been granted those access rights. (0xc0000022)
[1120/133208.036:ERROR:exception_snapshot_win.cc(99)] thread ID 6692 not found in process
[1120/133208.168:ERROR:process_reader_win.cc(123)] NtOpenThread: {Access Denied} A process has requested access to an object, but has not been granted those access rights. (0xc0000022)
[1120/133208.168:ERROR:exception_snapshot_win.cc(99)] thread ID 5948 not found in process
[1120/133208.287:ERROR:process_reader_win.cc(123)] NtOpenThread: {Access Denied} A process has requested access to an object, but has not been granted those access rights. (0xc0000022)
[1120/133208.287:ERROR:exception_snapshot_win.cc(99)] thread ID 7900 not found in process
[1120/133208.406:ERROR:process_reader_win.cc(123)] NtOpenThread: {Access Denied} A process has requested access to an object, but has not been granted those access rights. (0xc0000022)
[1120/133208.406:ERROR:exception_snapshot_win.cc(99)] thread ID 11000 not found in process
[1120/133208.578:ERROR:process_reader_win.cc(123)] NtOpenThread: {Access Denied} A process has requested access to an object, but has not been granted those access rights. (0xc0000022)
[1120/133208.578:ERROR:exception_snapshot_win.cc(99)] thread ID 19928 not found in process
[1120/133208.858:ERROR:process_reader_win.cc(123)] NtOpenThread: {Access Denied} A process has requested access to an object, but has not been granted those access rights. (0xc0000022)
[1120/133208.859:ERROR:exception_snapshot_win.cc(99)] thread ID 6612 not found in process
[1120/133209.019:ERROR:process_reader_win.cc(123)] NtOpenThread: {Access Denied} A process has requested access to an object, but has not been granted those access rights. (0xc0000022)
[1120/133209.020:ERROR:exception_snapshot_win.cc(99)] thread ID 4276 not found in process
[1120/133209.216:ERROR:process_reader_win.cc(123)] NtOpenThread: {Access Denied} A process has requested access to an object, but has not been granted those access rights. (0xc0000022)
[1120/133209.216:ERROR:exception_snapshot_win.cc(99)] thread ID 1204 not found in process
[1120/133209.343:ERROR:process_reader_win.cc(123)] NtOpenThread: {Access Denied} A process has requested access to an object, but has not been granted those access rights. (0xc0000022)
[1120/133209.343:ERROR:exception_snapshot_win.cc(99)] thread ID 17912 not found in process
[1120/133209.462:ERROR:process_reader_win.cc(123)] NtOpenThread: {Access Denied} A process has requested access to an object, but has not been granted those access rights. (0xc0000022)
[1120/133209.462:ERROR:exception_snapshot_win.cc(99)] thread ID 18184 not found in process
[1120/133209.623:ERROR:process_reader_win.cc(123)] NtOpenThread: {Access Denied} A process has requested access to an object, but has not been granted those access rights. (0xc0000022)
[1120/133209.623:ERROR:exception_snapshot_win.cc(99)] thread ID 5396 not found in process
[1120/133209.818:ERROR:process_reader_win.cc(123)] NtOpenThread: {Access Denied} A process has requested access to an object, but has not been granted those access rights. (0xc0000022)
[1120/133209.819:ERROR:exception_snapshot_win.cc(99)] thread ID 4876 not found in process
[1120/133209.948:ERROR:process_reader_win.cc(123)] NtOpenThread: {Access Denied} A process has requested access to an object, but has not been granted those access rights. (0xc0000022)
[1120/133209.948:ERROR:exception_snapshot_win.cc(99)] thread ID 19644 not found in process
[1120/133210.117:ERROR:process_reader_win.cc(123)] NtOpenThread: {Access Denied} A process has requested access to an object, but has not been granted those access rights. (0xc0000022)
[1120/133210.117:ERROR:exception_snapshot_win.cc(99)] thread ID 11660 not found in process
[1120/133210.256:ERROR:process_reader_win.cc(123)] NtOpenThread: {Access Denied} A process has requested access to an object, but has not been granted those access rights. (0xc0000022)
[1120/133210.256:ERROR:exception_snapshot_win.cc(99)] thread ID 18120 not found in process
[1120/133210.356:ERROR:process_reader_win.cc(123)] NtOpenThread: {Access Denied} A process has requested access to an object, but has not been granted those access rights. (0xc0000022)
[1120/133210.357:ERROR:exception_snapshot_win.cc(99)] thread ID 9408 not found in process
[1120/133210.500:ERROR:process_reader_win.cc(123)] NtOpenThread: {Access Denied} A process has requested access to an object, but has not been granted those access rights. (0xc0000022)
[1120/133210.500:ERROR:exception_snapshot_win.cc(99)] thread ID 1964 not found in process
[1120/133210.762:ERROR:process_reader_win.cc(123)] NtOpenThread: {Access Denied} A process has requested access to an object, but has not been granted those access rights. (0xc0000022)
[1120/133210.763:ERROR:exception_snapshot_win.cc(99)] thread ID 13632 not found in process
[1120/133210.941:ERROR:process_reader_win.cc(123)] NtOpenThread: {Access Denied} A process has requested access to an object, but has not been granted those access rights. (0xc0000022)
[1120/133210.941:ERROR:exception_snapshot_win.cc(99)] thread ID 16504 not found in process
[1120/133211.173:ERROR:process_reader_win.cc(123)] NtOpenThread: {Access Denied} A process has requested access to an object, but has not been granted those access rights. (0xc0000022)
[1120/133211.173:ERROR:exception_snapshot_win.cc(99)] thread ID 12380 not found in process
[1120/133211.324:ERROR:process_reader_win.cc(123)] NtOpenThread: {Access Denied} A process has requested access to an object, but has not been granted those access rights. (0xc0000022)
[1120/133211.324:ERROR:exception_snapshot_win.cc(99)] thread ID 10972 not found in process
[1120/133211.483:ERROR:process_reader_win.cc(123)] NtOpenThread: {Access Denied} A process has requested access to an object, but has not been granted those access rights. (0xc0000022)
[1120/133211.483:ERROR:exception_snapshot_win.cc(99)] thread ID 10572 not found in process
[1120/133211.678:ERROR:process_reader_win.cc(123)] NtOpenThread: {Access Denied} A process has requested access to an object, but has not been granted those access rights. (0xc0000022)
[1120/133211.678:ERROR:exception_snapshot_win.cc(99)] thread ID 10756 not found in process
[1120/133212.053:ERROR:process_reader_win.cc(123)] NtOpenThread: {Access Denied} A process has requested access to an object, but has not been granted those access rights. (0xc0000022)
[1120/133212.054:ERROR:exception_snapshot_win.cc(99)] thread ID 8280 not found in process
[1120/133212.241:ERROR:process_reader_win.cc(123)] NtOpenThread: {Access Denied} A process has requested access to an object, but has not been granted those access rights. (0xc0000022)
[1120/133212.241:ERROR:exception_snapshot_win.cc(99)] thread ID 5428 not found in process
[1120/133212.550:ERROR:process_reader_win.cc(123)] NtOpenThread: {Access Denied} A process has requested access to an object, but has not been granted those access rights. (0xc0000022)
[1120/133212.550:ERROR:exception_snapshot_win.cc(99)] thread ID 20232 not found in process
[1120/133212.742:ERROR:process_reader_win.cc(123)] NtOpenThread: {Access Denied} A process has requested access to an object, but has not been granted those access rights. (0xc0000022)
[1120/133212.742:ERROR:exception_snapshot_win.cc(99)] thread ID 2628 not found in process
[1120/133212.969:ERROR:process_reader_win.cc(123)] NtOpenThread: {Access Denied} A process has requested access to an object, but has not been granted those access rights. (0xc0000022)
[1120/133212.969:ERROR:exception_snapshot_win.cc(99)] thread ID 17848 not found in process
[1120/133213.169:ERROR:process_reader_win.cc(123)] NtOpenThread: {Access Denied} A process has requested access to an object, but has not been granted those access rights. (0xc0000022)
[1120/133213.169:ERROR:exception_snapshot_win.cc(99)] thread ID 7956 not found in process
[1120/133213.719:ERROR:process_reader_win.cc(123)] NtOpenThread: {Access Denied} A process has requested access to an object, but has not been granted those access rights. (0xc0000022)
[1120/133213.720:ERROR:exception_snapshot_win.cc(99)] thread ID 11632 not found in process
[1120/133213.898:ERROR:process_reader_win.cc(123)] NtOpenThread: {Access Denied} A process has requested access to an object, but has not been granted those access rights. (0xc0000022)
[1120/133213.898:ERROR:exception_snapshot_win.cc(99)] thread ID 9756 not found in process
[1120/133214.230:ERROR:process_reader_win.cc(123)] NtOpenThread: {Access Denied} A process has requested access to an object, but has not been granted those access rights. (0xc0000022)
[1120/133214.230:ERROR:exception_snapshot_win.cc(99)] thread ID 9500 not found in process
[1120/133214.428:ERROR:process_reader_win.cc(123)] NtOpenThread: {Access Denied} A process has requested access to an object, but has not been granted those access rights. (0xc0000022)
[1120/133214.429:ERROR:exception_snapshot_win.cc(99)] thread ID 20228 not found in process
[1120/133214.702:ERROR:process_reader_win.cc(123)] NtOpenThread: {Access Denied} A process has requested access to an object, but has not been granted those access rights. (0xc0000022)
[1120/133214.702:ERROR:exception_snapshot_win.cc(99)] thread ID 14560 not found in process
[1120/133214.950:ERROR:process_reader_win.cc(123)] NtOpenThread: {Access Denied} A process has requested access to an object, but has not been granted those access rights. (0xc0000022)
[1120/133214.950:ERROR:exception_snapshot_win.cc(99)] thread ID 10504 not found in process
[1120/133215.195:ERROR:process_reader_win.cc(123)] NtOpenThread: {Access Denied} A process has requested access to an object, but has not been granted those access rights. (0xc0000022)
[1120/133215.196:ERROR:exception_snapshot_win.cc(99)] thread ID 17556 not found in process
[1120/133215.321:ERROR:process_reader_win.cc(123)] NtOpenThread: {Access Denied} A process has requested access to an object, but has not been granted those access rights. (0xc0000022)
[1120/133215.321:ERROR:exception_snapshot_win.cc(99)] thread ID 11644 not found in process
[1120/133215.617:ERROR:process_reader_win.cc(123)] NtOpenThread: {Access Denied} A process has requested access to an object, but has not been granted those access rights. (0xc0000022)
[1120/133215.617:ERROR:exception_snapshot_win.cc(99)] thread ID 15768 not found in process
[1120/133215.776:ERROR:process_reader_win.cc(123)] NtOpenThread: {Access Denied} A process has requested access to an object, but has not been granted those access rights. (0xc0000022)
[1120/133215.776:ERROR:exception_snapshot_win.cc(99)] thread ID 7252 not found in process
[1120/133215.938:ERROR:process_reader_win.cc(123)] NtOpenThread: {Access Denied} A process has requested access to an object, but has not been granted those access rights. (0xc0000022)
[1120/133215.938:ERROR:exception_snapshot_win.cc(99)] thread ID 19828 not found in process
[1120/133216.234:ERROR:process_reader_win.cc(123)] NtOpenThread: {Access Denied} A process has requested access to an object, but has not been granted those access rights. (0xc0000022)
[1120/133216.234:ERROR:exception_snapshot_win.cc(99)] thread ID 5556 not found in process
[1120/133216.484:ERROR:process_reader_win.cc(123)] NtOpenThread: {Access Denied} A process has requested access to an object, but has not been granted those access rights. (0xc0000022)
[1120/133216.485:ERROR:exception_snapshot_win.cc(99)] thread ID 11448 not found in process
[1120/133216.601:ERROR:process_reader_win.cc(123)] NtOpenThread: {Access Denied} A process has requested access to an object, but has not been granted those access rights. (0xc0000022)
[1120/133216.602:ERROR:exception_snapshot_win.cc(99)] thread ID 5740 not found in process
[1120/133216.943:ERROR:process_reader_win.cc(123)] NtOpenThread: {Access Denied} A process has requested access to an object, but has not been granted those access rights. (0xc0000022)
[1120/133216.944:ERROR:exception_snapshot_win.cc(99)] thread ID 1496 not found in process
[1120/133217.099:ERROR:process_reader_win.cc(123)] NtOpenThread: {Access Denied} A process has requested access to an object, but has not been granted those access rights. (0xc0000022)
[1120/133217.099:ERROR:exception_snapshot_win.cc(99)] thread ID 4900 not found in process
[1120/133217.435:ERROR:process_reader_win.cc(123)] NtOpenThread: {Access Denied} A process has requested access to an object, but has not been granted those access rights. (0xc0000022)
[1120/133217.435:ERROR:exception_snapshot_win.cc(99)] thread ID 14052 not found in process
[1120/133217.741:ERROR:process_reader_win.cc(123)] NtOpenThread: {Access Denied} A process has requested access to an object, but has not been granted those access rights. (0xc0000022)
[1120/133217.742:ERROR:exception_snapshot_win.cc(99)] thread ID 15792 not found in process
[1120/133217.954:ERROR:process_reader_win.cc(123)] NtOpenThread: {Access Denied} A process has requested access to an object, but has not been granted those access rights. (0xc0000022)
[1120/133217.955:ERROR:exception_snapshot_win.cc(99)] thread ID 9736 not found in process
[1120/133218.231:ERROR:process_reader_win.cc(123)] NtOpenThread: {Access Denied} A process has requested access to an object, but has not been granted those access rights. (0xc0000022)
[1120/133218.231:ERROR:exception_snapshot_win.cc(99)] thread ID 7764 not found in process
[1120/133218.420:ERROR:process_reader_win.cc(123)] NtOpenThread: {Access Denied} A process has requested access to an object, but has not been granted those access rights. (0xc0000022)
[1120/133218.420:ERROR:exception_snapshot_win.cc(99)] thread ID 9240 not found in process
[1120/133218.748:ERROR:process_reader_win.cc(123)] NtOpenThread: {Access Denied} A process has requested access to an object, but has not been granted those access rights. (0xc0000022)
[1120/133218.748:ERROR:exception_snapshot_win.cc(99)] thread ID 9836 not found in process
[1120/133218.880:ERROR:process_reader_win.cc(123)] NtOpenThread: {Access Denied} A process has requested access to an object, but has not been granted those access rights. (0xc0000022)
[1120/133218.880:ERROR:exception_snapshot_win.cc(99)] thread ID 13092 not found in process
[1120/133219.065:ERROR:process_reader_win.cc(123)] NtOpenThread: {Access Denied} A process has requested access to an object, but has not been granted those access rights. (0xc0000022)
[1120/133219.065:ERROR:exception_snapshot_win.cc(99)] thread ID 14572 not found in process
[1120/133219.315:ERROR:process_reader_win.cc(123)] NtOpenThread: {Access Denied} A process has requested access to an object, but has not been granted those access rights. (0xc0000022)
[1120/133219.322:ERROR:exception_snapshot_win.cc(99)] thread ID 1124 not found in process
[1120/133219.532:ERROR:process_reader_win.cc(123)] NtOpenThread: {Access Denied} A process has requested access to an object, but has not been granted those access rights. (0xc0000022)
[1120/133219.533:ERROR:exception_snapshot_win.cc(99)] thread ID 17236 not found in process
[1120/133219.767:ERROR:process_reader_win.cc(123)] NtOpenThread: {Access Denied} A process has requested access to an object, but has not been granted those access rights. (0xc0000022)
[1120/133219.767:ERROR:exception_snapshot_win.cc(99)] thread ID 17232 not found in process
[1120/133220.007:ERROR:process_reader_win.cc(123)] NtOpenThread: {Access Denied} A process has requested access to an object, but has not been granted those access rights. (0xc0000022)
[1120/133220.007:ERROR:exception_snapshot_win.cc(99)] thread ID 17636 not found in process
[1120/133220.324:ERROR:process_reader_win.cc(123)] NtOpenThread: {Access Denied} A process has requested access to an object, but has not been granted those access rights. (0xc0000022)
[1120/133220.325:ERROR:exception_snapshot_win.cc(99)] thread ID 17312 not found in process
[1120/133220.501:ERROR:process_reader_win.cc(123)] NtOpenThread: {Access Denied} A process has requested access to an object, but has not been granted those access rights. (0xc0000022)
[1120/133220.501:ERROR:exception_snapshot_win.cc(99)] thread ID 5844 not found in process
[1120/133220.750:ERROR:process_reader_win.cc(123)] NtOpenThread: {Access Denied} A process has requested access to an object, but has not been granted those access rights. (0xc0000022)
[1120/133220.750:ERROR:exception_snapshot_win.cc(99)] thread ID 20048 not found in process
[1120/133221.097:ERROR:process_reader_win.cc(123)] NtOpenThread: {Access Denied} A process has requested access to an object, but has not been granted those access rights. (0xc0000022)
[1120/133221.097:ERROR:exception_snapshot_win.cc(99)] thread ID 20068 not found in process
[1130/155009.843:ERROR:directory_reader_win.cc(43)] FindFirstFile: The system cannot find the path specified. (0x3)
[1130/155307.575:ERROR:process_reader_win.cc(123)] NtOpenThread: {Access Denied} A process has requested access to an object, but has not been granted those access rights. (0xc0000022)
[1130/155307.586:ERROR:exception_snapshot_win.cc(99)] thread ID 18924 not found in process
[1130/155307.706:ERROR:process_reader_win.cc(123)] NtOpenThread: {Access Denied} A process has requested access to an object, but has not been granted those access rights. (0xc0000022)
[1130/155307.706:ERROR:exception_snapshot_win.cc(99)] thread ID 14456 not found in process
[1130/155307.841:ERROR:process_reader_win.cc(123)] NtOpenThread: {Access Denied} A process has requested access to an object, but has not been granted those access rights. (0xc0000022)
[1130/155307.841:ERROR:exception_snapshot_win.cc(99)] thread ID 18372 not found in process
[1130/155307.973:ERROR:process_reader_win.cc(123)] NtOpenThread: {Access Denied} A process has requested access to an object, but has not been granted those access rights. (0xc0000022)
[1130/155307.973:ERROR:exception_snapshot_win.cc(99)] thread ID 18520 not found in process
[1130/155308.149:ERROR:process_reader_win.cc(123)] NtOpenThread: {Access Denied} A process has requested access to an object, but has not been granted those access rights. (0xc0000022)
[1130/155308.149:ERROR:exception_snapshot_win.cc(99)] thread ID 6560 not found in process
[1130/155308.276:ERROR:process_reader_win.cc(123)] NtOpenThread: {Access Denied} A process has requested access to an object, but has not been granted those access rights. (0xc0000022)
[1130/155308.276:ERROR:exception_snapshot_win.cc(99)] thread ID 12840 not found in process
[1201/161351.694:ERROR:process_reader_win.cc(123)] NtOpenThread: {Access Denied} A process has requested access to an object, but has not been granted those access rights. (0xc0000022)
[1201/161351.702:ERROR:exception_snapshot_win.cc(99)] thread ID 11456 not found in process
[1201/161351.812:ERROR:process_reader_win.cc(123)] NtOpenThread: {Access Denied} A process has requested access to an object, but has not been granted those access rights. (0xc0000022)
[1201/161351.812:ERROR:exception_snapshot_win.cc(99)] thread ID 6512 not found in process
[1201/161352.055:ERROR:process_reader_win.cc(123)] NtOpenThread: {Access Denied} A process has requested access to an object, but has not been granted those access rights. (0xc0000022)
[1201/161352.055:ERROR:exception_snapshot_win.cc(99)] thread ID 3936 not found in process
[1201/161352.199:ERROR:process_reader_win.cc(123)] NtOpenThread: {Access Denied} A process has requested access to an object, but has not been granted those access rights. (0xc0000022)
[1201/161352.199:ERROR:exception_snapshot_win.cc(99)] thread ID 18360 not found in process
[1201/161352.375:ERROR:process_reader_win.cc(123)] NtOpenThread: {Access Denied} A process has requested access to an object, but has not been granted those access rights. (0xc0000022)
[1201/161352.375:ERROR:exception_snapshot_win.cc(99)] thread ID 18820 not found in process
[1201/161352.568:ERROR:process_reader_win.cc(123)] NtOpenThread: {Access Denied} A process has requested access to an object, but has not been granted those access rights. (0xc0000022)
[1201/161352.569:ERROR:exception_snapshot_win.cc(99)] thread ID 16808 not found in process
[1201/171601.265:ERROR:process_reader_win.cc(123)] NtOpenThread: {Access Denied} A process has requested access to an object, but has not been granted those access rights. (0xc0000022)
[1201/171601.273:ERROR:exception_snapshot_win.cc(99)] thread ID 15512 not found in process
[1201/171601.402:ERROR:process_reader_win.cc(123)] NtOpenThread: {Access Denied} A process has requested access to an object, but has not been granted those access rights. (0xc0000022)
[1201/171601.402:ERROR:exception_snapshot_win.cc(99)] thread ID 17620 not found in process
[1201/171601.521:ERROR:process_reader_win.cc(123)] NtOpenThread: {Access Denied} A process has requested access to an object, but has not been granted those access rights. (0xc0000022)
[1201/171601.521:ERROR:exception_snapshot_win.cc(99)] thread ID 18108 not found in process
[1201/171601.679:ERROR:process_reader_win.cc(123)] NtOpenThread: {Access Denied} A process has requested access to an object, but has not been granted those access rights. (0xc0000022)
[1201/171601.680:ERROR:exception_snapshot_win.cc(99)] thread ID 10512 not found in process
[1201/171601.957:ERROR:process_reader_win.cc(123)] NtOpenThread: {Access Denied} A process has requested access to an object, but has not been granted those access rights. (0xc0000022)
[1201/171601.957:ERROR:exception_snapshot_win.cc(99)] thread ID 6264 not found in process
[1201/180252.175:ERROR:process_reader_win.cc(123)] NtOpenThread: {Access Denied} A process has requested access to an object, but has not been granted those access rights. (0xc0000022)
[1201/180252.180:ERROR:exception_snapshot_win.cc(99)] thread ID 11884 not found in process
[1201/180252.289:ERROR:process_reader_win.cc(123)] NtOpenThread: {Access Denied} A process has requested access to an object, but has not been granted those access rights. (0xc0000022)
[1201/180252.289:ERROR:exception_snapshot_win.cc(99)] thread ID 19604 not found in process
[1201/180252.424:ERROR:process_reader_win.cc(123)] NtOpenThread: {Access Denied} A process has requested access to an object, but has not been granted those access rights. (0xc0000022)
[1201/180252.424:ERROR:exception_snapshot_win.cc(99)] thread ID 18332 not found in process
[1201/180252.558:ERROR:process_reader_win.cc(123)] NtOpenThread: {Access Denied} A process has requested access to an object, but has not been granted those access rights. (0xc0000022)
[1201/180252.559:ERROR:exception_snapshot_win.cc(99)] thread ID 19544 not found in process
[1201/180252.726:ERROR:process_reader_win.cc(123)] NtOpenThread: {Access Denied} A process has requested access to an object, but has not been granted those access rights. (0xc0000022)
[1201/180252.727:ERROR:exception_snapshot_win.cc(99)] thread ID 14724 not found in process
[1201/180252.916:ERROR:process_reader_win.cc(123)] NtOpenThread: {Access Denied} A process has requested access to an object, but has not been granted those access rights. (0xc0000022)
[1201/180252.917:ERROR:exception_snapshot_win.cc(99)] thread ID 15388 not found in process
[1214/123022.902:ERROR:process_reader_win.cc(123)] NtOpenThread: {Access Denied} A process has requested access to an object, but has not been granted those access rights. (0xc0000022)
[1214/123022.922:ERROR:exception_snapshot_win.cc(99)] thread ID 19044 not found in process
[1214/123023.045:ERROR:process_reader_win.cc(123)] NtOpenThread: {Access Denied} A process has requested access to an object, but has not been granted those access rights. (0xc0000022)
[1214/123023.045:ERROR:exception_snapshot_win.cc(99)] thread ID 19620 not found in process
[1214/123023.208:ERROR:process_reader_win.cc(123)] NtOpenThread: {Access Denied} A process has requested access to an object, but has not been granted those access rights. (0xc0000022)
[1214/123023.208:ERROR:exception_snapshot_win.cc(99)] thread ID 21464 not found in process
[1214/123023.258:ERROR:process_info.cc(329)] VirtualQueryEx: Access is denied. (0x5)
[1214/123023.258:ERROR:process_info.cc(556)] ReadMemoryInfo failed
[1214/123023.258:ERROR:scoped_process_suspend.cc(40)] NtResumeProcess: An attempt was made to access an exiting process. (0xc000010a)
[1214/123031.820:ERROR:process_reader_win.cc(123)] NtOpenThread: {Access Denied} A process has requested access to an object, but has not been granted those access rights. (0xc0000022)
[1214/123031.822:ERROR:exception_snapshot_win.cc(99)] thread ID 21228 not found in process
[1214/123031.952:ERROR:process_reader_win.cc(123)] NtOpenThread: {Access Denied} A process has requested access to an object, but has not been granted those access rights. (0xc0000022)
[1214/123031.952:ERROR:exception_snapshot_win.cc(99)] thread ID 23008 not found in process
[1214/123032.161:ERROR:process_reader_win.cc(123)] NtOpenThread: {Access Denied} A process has requested access to an object, but has not been granted those access rights. (0xc0000022)
[1214/123032.161:ERROR:exception_snapshot_win.cc(99)] thread ID 15172 not found in process
[1214/123032.329:ERROR:process_reader_win.cc(123)] NtOpenThread: {Access Denied} A process has requested access to an object, but has not been granted those access rights. (0xc0000022)
[1214/123032.329:ERROR:exception_snapshot_win.cc(99)] thread ID 19136 not found in process
[1214/123032.509:ERROR:process_reader_win.cc(123)] NtOpenThread: {Access Denied} A process has requested access to an object, but has not been granted those access rights. (0xc0000022)
[1214/123032.509:ERROR:exception_snapshot_win.cc(99)] thread ID 5380 not found in process
[1214/123032.652:ERROR:process_reader_win.cc(123)] NtOpenThread: {Access Denied} A process has requested access to an object, but has not been granted those access rights. (0xc0000022)
[1214/123032.652:ERROR:exception_snapshot_win.cc(99)] thread ID 12184 not found in process
[1214/123032.811:ERROR:process_reader_win.cc(123)] NtOpenThread: {Access Denied} A process has requested access to an object, but has not been granted those access rights. (0xc0000022)
[1214/123032.813:ERROR:exception_snapshot_win.cc(99)] thread ID 6344 not found in process
[1214/123032.980:ERROR:process_reader_win.cc(123)] NtOpenThread: {Access Denied} A process has requested access to an object, but has not been granted those access rights. (0xc0000022)
[1214/123032.980:ERROR:exception_snapshot_win.cc(99)] thread ID 12404 not found in process
[1214/123033.117:ERROR:process_reader_win.cc(123)] NtOpenThread: {Access Denied} A process has requested access to an object, but has not been granted those access rights. (0xc0000022)
[1214/123033.117:ERROR:exception_snapshot_win.cc(99)] thread ID 11052 not found in process
[1214/123033.244:ERROR:process_reader_win.cc(123)] NtOpenThread: {Access Denied} A process has requested access to an object, but has not been granted those access rights. (0xc0000022)
[1214/123033.264:ERROR:exception_snapshot_win.cc(99)] thread ID 18924 not found in process
[1214/123033.383:ERROR:process_reader_win.cc(123)] NtOpenThread: {Access Denied} A process has requested access to an object, but has not been granted those access rights. (0xc0000022)
[1214/123033.383:ERROR:exception_snapshot_win.cc(99)] thread ID 13472 not found in process
[1214/123033.538:ERROR:process_reader_win.cc(123)] NtOpenThread: {Access Denied} A process has requested access to an object, but has not been granted those access rights. (0xc0000022)
[1214/123033.538:ERROR:exception_snapshot_win.cc(99)] thread ID 20100 not found in process
[1214/123033.709:ERROR:process_reader_win.cc(123)] NtOpenThread: {Access Denied} A process has requested access to an object, but has not been granted those access rights. (0xc0000022)
[1214/123033.711:ERROR:exception_snapshot_win.cc(99)] thread ID 8680 not found in process
[1214/123033.866:ERROR:process_reader_win.cc(123)] NtOpenThread: {Access Denied} A process has requested access to an object, but has not been granted those access rights. (0xc0000022)
[1214/123033.866:ERROR:exception_snapshot_win.cc(99)] thread ID 22452 not found in process
[1214/123034.020:ERROR:process_reader_win.cc(123)] NtOpenThread: {Access Denied} A process has requested access to an object, but has not been granted those access rights. (0xc0000022)
[1214/123034.020:ERROR:exception_snapshot_win.cc(99)] thread ID 1136 not found in process
[1214/123034.205:ERROR:process_reader_win.cc(123)] NtOpenThread: {Access Denied} A process has requested access to an object, but has not been granted those access rights. (0xc0000022)
[1214/123034.205:ERROR:exception_snapshot_win.cc(99)] thread ID 7560 not found in process
[1214/123034.373:ERROR:process_reader_win.cc(123)] NtOpenThread: {Access Denied} A process has requested access to an object, but has not been granted those access rights. (0xc0000022)
[1214/123034.373:ERROR:exception_snapshot_win.cc(99)] thread ID 22808 not found in process
[1214/123034.541:ERROR:process_reader_win.cc(123)] NtOpenThread: {Access Denied} A process has requested access to an object, but has not been granted those access rights. (0xc0000022)
[1214/123034.541:ERROR:exception_snapshot_win.cc(99)] thread ID 22548 not found in process
[1214/133721.578:ERROR:directory_reader_win.cc(43)] FindFirstFile: The system cannot find the path specified. (0x3)
[1214/135709.210:ERROR:directory_reader_win.cc(43)] FindFirstFile: The system cannot find the path specified. (0x3)
[0121/145255.651:ERROR:process_reader_win.cc(123)] NtOpenThread: {Access Denied} A process has requested access to an object, but has not been granted those access rights. (0xc0000022)
[0121/145255.681:ERROR:exception_snapshot_win.cc(99)] thread ID 15772 not found in process
[0121/145255.768:ERROR:process_reader_win.cc(123)] NtOpenThread: {Access Denied} A process has requested access to an object, but has not been granted those access rights. (0xc0000022)
[0121/145255.769:ERROR:exception_snapshot_win.cc(99)] thread ID 16044 not found in process
[0121/145255.960:ERROR:process_reader_win.cc(123)] NtOpenThread: {Access Denied} A process has requested access to an object, but has not been granted those access rights. (0xc0000022)
[0121/145255.961:ERROR:exception_snapshot_win.cc(99)] thread ID 8136 not found in process
[0121/145256.082:ERROR:process_info.cc(329)] VirtualQueryEx: Access is denied. (0x5)
[0121/145256.082:ERROR:process_info.cc(556)] ReadMemoryInfo failed
[0121/145256.082:ERROR:process_memory_win.cc(39)] Failed to initialize ProcessInfo.
[0121/145256.082:ERROR:scoped_process_suspend.cc(40)] NtResumeProcess: An attempt was made to access an exiting process. (0xc000010a)
[0121/145302.239:ERROR:process_reader_win.cc(123)] NtOpenThread: {Access Denied} A process has requested access to an object, but has not been granted those access rights. (0xc0000022)
[0121/145302.242:ERROR:exception_snapshot_win.cc(99)] thread ID 21176 not found in process
[0121/145302.368:ERROR:process_reader_win.cc(123)] NtOpenThread: {Access Denied} A process has requested access to an object, but has not been granted those access rights. (0xc0000022)
[0121/145302.377:ERROR:exception_snapshot_win.cc(99)] thread ID 7048 not found in process
[0121/145302.537:ERROR:process_reader_win.cc(123)] NtOpenThread: {Access Denied} A process has requested access to an object, but has not been granted those access rights. (0xc0000022)
[0121/145302.537:ERROR:exception_snapshot_win.cc(99)] thread ID 15704 not found in process
[0121/145302.707:ERROR:process_reader_win.cc(123)] NtOpenThread: {Access Denied} A process has requested access to an object, but has not been granted those access rights. (0xc0000022)
[0121/145302.707:ERROR:exception_snapshot_win.cc(99)] thread ID 10124 not found in process
[0121/145302.916:ERROR:process_reader_win.cc(123)] NtOpenThread: {Access Denied} A process has requested access to an object, but has not been granted those access rights. (0xc0000022)
[0121/145302.916:ERROR:exception_snapshot_win.cc(99)] thread ID 11340 not found in process
[0121/145303.113:ERROR:process_reader_win.cc(123)] NtOpenThread: {Access Denied} A process has requested access to an object, but has not been granted those access rights. (0xc0000022)
[0121/145303.113:ERROR:exception_snapshot_win.cc(99)] thread ID 6004 not found in process
[0121/153440.966:ERROR:directory_reader_win.cc(43)] FindFirstFile: The system cannot find the path specified. (0x3)
[0121/160824.698:ERROR:process_reader_win.cc(123)] NtOpenThread: {Access Denied} A process has requested access to an object, but has not been granted those access rights. (0xc0000022)
[0121/160824.705:ERROR:exception_snapshot_win.cc(99)] thread ID 32 not found in process
[0121/160824.905:ERROR:process_reader_win.cc(123)] NtOpenThread: {Access Denied} A process has requested access to an object, but has not been granted those access rights. (0xc0000022)
[0121/160824.905:ERROR:exception_snapshot_win.cc(99)] thread ID 2968 not found in process
[0121/160825.012:ERROR:process_reader_win.cc(123)] NtOpenThread: {Access Denied} A process has requested access to an object, but has not been granted those access rights. (0xc0000022)
[0121/160825.013:ERROR:exception_snapshot_win.cc(99)] thread ID 20072 not found in process
[0121/160825.195:ERROR:process_reader_win.cc(123)] NtOpenThread: {Access Denied} A process has requested access to an object, but has not been granted those access rights. (0xc0000022)
[0121/160825.196:ERROR:exception_snapshot_win.cc(99)] thread ID 23432 not found in process
[0121/160825.313:ERROR:process_reader_win.cc(123)] NtOpenThread: {Access Denied} A process has requested access to an object, but has not been granted those access rights. (0xc0000022)
[0121/160825.313:ERROR:exception_snapshot_win.cc(99)] thread ID 7244 not found in process
[0121/160825.460:ERROR:process_reader_win.cc(123)] NtOpenThread: {Access Denied} A process has requested access to an object, but has not been granted those access rights. (0xc0000022)
[0121/160825.460:ERROR:exception_snapshot_win.cc(99)] thread ID 22436 not found in process
[0121/160825.646:ERROR:process_reader_win.cc(123)] NtOpenThread: {Access Denied} A process has requested access to an object, but has not been granted those access rights. (0xc0000022)
[0121/160825.646:ERROR:exception_snapshot_win.cc(99)] thread ID 14912 not found in process
